This is pdfTeX, Version 3.141592653-2.6-1.40.25 (MiKTeX 24.1) (preloaded format=pdflatex 2024.5.7)  7 MAY 2024 20:58
entering extended mode
 restricted \write18 enabled.
 file:line:error style messages enabled.
 %&-line parsing enabled.
**"c:/Users/arifa/Desktop/major project/major-project-stage1-report/report.tex"
(c:/Users/arifa/Desktop/major project/major-project-stage1-report/report.tex
LaTeX2e <2023-11-01> patch level 1
L3 programming layer <2024-01-04>
(C:\Users\arifa\AppData\Local\Programs\MiKTeX\tex/latex/base\report.cls
Document Class: report 2023/05/17 v1.4n Standard LaTeX document class
(C:\Users\arifa\AppData\Local\Programs\MiKTeX\tex/latex/base\size12.clo
File: size12.clo 2023/05/17 v1.4n Standard LaTeX file (size option)
)
\c@part=\count187
\c@chapter=\count188
\c@section=\count189
\c@subsection=\count190
\c@subsubsection=\count191
\c@paragraph=\count192
\c@subparagraph=\count193
\c@figure=\count194
\c@table=\count195
\abovecaptionskip=\skip48
\belowcaptionskip=\skip49
\bibindent=\dimen140
) (C:\Users\arifa\AppData\Local\Programs\MiKTeX\tex/latex/graphics\graphicx.sty
Package: graphicx 2021/09/16 v1.2d Enhanced LaTeX Graphics (DPC,SPQR)
 (C:\Users\arifa\AppData\Local\Programs\MiKTeX\tex/latex/graphics\keyval.sty
Package: keyval 2022/05/29 v1.15 key=value parser (DPC)
\KV@toks@=\toks17
) (C:\Users\arifa\AppData\Local\Programs\MiKTeX\tex/latex/graphics\graphics.sty
Package: graphics 2022/03/10 v1.4e Standard LaTeX Graphics (DPC,SPQR)
 (C:\Users\arifa\AppData\Local\Programs\MiKTeX\tex/latex/graphics\trig.sty
Package: trig 2021/08/11 v1.11 sin cos tan (DPC)
) (C:\Users\arifa\AppData\Local\Programs\MiKTeX\tex/latex/graphics-cfg\graphics.cfg
File: graphics.cfg 2016/06/04 v1.11 sample graphics configuration
)
Package graphics Info: Driver file: pdftex.def on input line 107.
 (C:\Users\arifa\AppData\Local\Programs\MiKTeX\tex/latex/graphics-def\pdftex.def
File: pdftex.def 2022/09/22 v1.2b Graphics/color driver for pdftex
))
\Gin@req@height=\dimen141
\Gin@req@width=\dimen142
) (C:\Users\arifa\AppData\Local\Programs\MiKTeX\tex/latex/geometry\geometry.sty
Package: geometry 2020/01/02 v5.9 Page Geometry
 (C:\Users\arifa\AppData\Local\Programs\MiKTeX\tex/generic/iftex\ifvtex.sty
Package: ifvtex 2019/10/25 v1.7 ifvtex legacy package. Use iftex instead.
 (C:\Users\arifa\AppData\Local\Programs\MiKTeX\tex/generic/iftex\iftex.sty
Package: iftex 2022/02/03 v1.0f TeX engine tests
))
\Gm@cnth=\count196
\Gm@cntv=\count197
\c@Gm@tempcnt=\count198
\Gm@bindingoffset=\dimen143
\Gm@wd@mp=\dimen144
\Gm@odd@mp=\dimen145
\Gm@even@mp=\dimen146
\Gm@layoutwidth=\dimen147
\Gm@layoutheight=\dimen148
\Gm@layouthoffset=\dimen149
\Gm@layoutvoffset=\dimen150
\Gm@dimlist=\toks18
 (C:\Users\arifa\AppData\Local\Programs\MiKTeX\tex/latex/geometry\geometry.cfg)) (C:\Users\arifa\AppData\Local\Programs\MiKTeX\tex/latex/l3backend\l3backend-pdftex.def
File: l3backend-pdftex.def 2024-01-04 L3 backend support: PDF output (pdfTeX)
\l__color_backend_stack_int=\count199
\l__pdf_internal_box=\box51
) (report.aux)
\openout1 = `report.aux'.

LaTeX Font Info:    Checking defaults for OML/cmm/m/it on input line 13.
LaTeX Font Info:    ... okay on input line 13.
LaTeX Font Info:    Checking defaults for OMS/cmsy/m/n on input line 13.
LaTeX Font Info:    ... okay on input line 13.
LaTeX Font Info:    Checking defaults for OT1/cmr/m/n on input line 13.
LaTeX Font Info:    ... okay on input line 13.
LaTeX Font Info:    Checking defaults for T1/cmr/m/n on input line 13.
LaTeX Font Info:    ... okay on input line 13.
LaTeX Font Info:    Checking defaults for TS1/cmr/m/n on input line 13.
LaTeX Font Info:    ... okay on input line 13.
LaTeX Font Info:    Checking defaults for OMX/cmex/m/n on input line 13.
LaTeX Font Info:    ... okay on input line 13.
LaTeX Font Info:    Checking defaults for U/cmr/m/n on input line 13.
LaTeX Font Info:    ... okay on input line 13.
 (C:\Users\arifa\AppData\Local\Programs\MiKTeX\tex/context/base/mkii\supp-pdf.mkii
[Loading MPS to PDF converter (version 2006.09.02).]
\scratchcounter=\count266
\scratchdimen=\dimen151
\scratchbox=\box52
\nofMPsegments=\count267
\nofMParguments=\count268
\everyMPshowfont=\toks19
\MPscratchCnt=\count269
\MPscratchDim=\dimen152
\MPnumerator=\count270
\makeMPintoPDFobject=\count271
\everyMPtoPDFconversion=\toks20
) (C:\Users\arifa\AppData\Local\Programs\MiKTeX\tex/latex/epstopdf-pkg\epstopdf-base.sty
Package: epstopdf-base 2020-01-24 v2.11 Base part for package epstopdf
Package epstopdf-base Info: Redefining graphics rule for `.eps' on input line 485.
 (C:\Users\arifa\AppData\Local\Programs\MiKTeX\tex/latex/00miktex\epstopdf-sys.cfg
File: epstopdf-sys.cfg 2021/03/18 v2.0 Configuration of epstopdf for MiKTeX
))
*geometry* driver: auto-detecting
*geometry* detected driver: pdftex
*geometry* verbose mode - [ preamble ] result:
* driver: pdftex
* paper: a4paper
* layout: <same size as paper>
* layoutoffset:(h,v)=(0.0pt,0.0pt)
* modes: 
* h-part:(L,W,R)=(85.35826pt, 426.79134pt, 85.35828pt)
* v-part:(T,H,B)=(71.13188pt, 702.78308pt, 71.13188pt)
* \paperwidth=597.50787pt
* \paperheight=845.04684pt
* \textwidth=426.79134pt
* \textheight=702.78308pt
* \oddsidemargin=13.08827pt
* \evensidemargin=13.08827pt
* \topmargin=-38.1381pt
* \headheight=12.0pt
* \headsep=25.0pt
* \topskip=12.0pt
* \footskip=30.0pt
* \marginparwidth=44.0pt
* \marginparsep=10.0pt
* \columnsep=10.0pt
* \skip\footins=10.8pt plus 4.0pt minus 2.0pt
* \hoffset=0.0pt
* \voffset=0.0pt
* \mag=1000
* \@twocolumnfalse
* \@twosidefalse
* \@mparswitchfalse
* \@reversemarginfalse
* (1in=72.27pt=25.4mm, 1cm=28.453pt)

(be_title.tex
<spitlogo.pdf, id=1, 167.62625pt x 169.63374pt>
File: spitlogo.pdf Graphic file (type pdf)
<use spitlogo.pdf>
Package pdftex.def Info: spitlogo.pdf  used on input line 26.
(pdftex.def)             Requested size: 134.10117pt x 135.70717pt.

Underfull \hbox (badness 10000) in paragraph at lines 36--37

 []

[1

{C:/Users/arifa/AppData/Local/MiKTeX/fonts/map/pdftex/pdftex.map} <./spitlogo.pdf>]) (be_certificate1.tex
Overfull \hbox (20.75963pt too wide) in paragraph at lines 17--24
[]\OT1/cmr/bx/n/12 Prof. Jig-nesh Siso-dia  Dr. Dhanan-jay R. Kalbande 
 []

File: spitlogo.pdf Graphic file (type pdf)
<use spitlogo.pdf>
Package pdftex.def Info: spitlogo.pdf  used on input line 33.
(pdftex.def)             Requested size: 134.10117pt x 135.70717pt.
) (be_certificate2.tex [1]
Underfull \hbox (badness 10000) in paragraph at lines 9--30

 []


Underfull \hbox (badness 10000) in paragraph at lines 9--30

 []


Underfull \hbox (badness 10000) in paragraph at lines 9--30

 []


Underfull \hbox (badness 10000) in paragraph at lines 9--30

 []


Underfull \hbox (badness 10000) in paragraph at lines 9--30

 []


Underfull \hbox (badness 10000) in paragraph at lines 9--30

 []


Underfull \hbox (badness 10000) in paragraph at lines 9--30

 []


Underfull \hbox (badness 10000) in paragraph at lines 9--30

 []


Overfull \hbox (1.45636pt too wide) in paragraph at lines 9--30
\OT1/cmr/bx/n/12 External Ex-am-iner   In-ter-nal Ex-am-iner 
 []


Underfull \hbox (badness 10000) in paragraph at lines 9--30

 []


Underfull \hbox (badness 10000) in paragraph at lines 9--30

 []


Underfull \hbox (badness 10000) in paragraph at lines 9--30

 []


Underfull \hbox (badness 10000) in paragraph at lines 9--30

 []


Underfull \hbox (badness 10000) in paragraph at lines 9--30

 []

) (students_statement.tex [2]
Underfull \hbox (badness 10000) in paragraph at lines 9--31

 []


Underfull \hbox (badness 10000) in paragraph at lines 9--31

 []


Underfull \hbox (badness 10000) in paragraph at lines 9--31

 []


Underfull \hbox (badness 10000) in paragraph at lines 9--31

 []


Underfull \hbox (badness 10000) in paragraph at lines 9--31

 []


Underfull \hbox (badness 10000) in paragraph at lines 9--31

 []


Underfull \hbox (badness 10000) in paragraph at lines 9--31

 []


Underfull \hbox (badness 10000) in paragraph at lines 9--31

 []


Underfull \hbox (badness 10000) in paragraph at lines 9--31

 []


Underfull \hbox (badness 10000) in paragraph at lines 9--31

 []


Underfull \hbox (badness 10000) in paragraph at lines 9--31

 []


Underfull \hbox (badness 10000) in paragraph at lines 9--31

 []


Underfull \hbox (badness 10000) in paragraph at lines 9--31

 []


Underfull \hbox (badness 10000) in paragraph at lines 9--31

 []


Underfull \hbox (badness 10000) in paragraph at lines 9--31

 []


Underfull \hbox (badness 10000) in paragraph at lines 9--31

 []

[3]) (acknowledgments.tex) [4

] (report.toc
LaTeX Font Info:    External font `cmex10' loaded for size
(Font)              <12> on input line 2.
LaTeX Font Info:    External font `cmex10' loaded for size
(Font)              <8> on input line 2.
LaTeX Font Info:    External font `cmex10' loaded for size
(Font)              <6> on input line 2.
)
\tf@toc=\write3
\openout3 = `report.toc'.

 [1

] (report.lof)
\tf@lof=\write4
\openout4 = `report.lof'.

 [2

] (report.lot)
\tf@lot=\write5
\openout5 = `report.lot'.

 [3

] (list_abbreviations.tex) (abstract.tex [4

] [1]) (introduction.tex
Chapter 1.
[1

]
<vmb.pdf, id=44, 508.90125pt x 298.11375pt>
File: vmb.pdf Graphic file (type pdf)
<use vmb.pdf>
Package pdftex.def Info: vmb.pdf  used on input line 25.
(pdftex.def)             Requested size: 508.90001pt x 298.11302pt.
 [2 <./vmb.pdf>]
Underfull \hbox (badness 10000) in paragraph at lines 40--41

 []


Underfull \hbox (badness 10000) in paragraph at lines 57--58

 []


Underfull \hbox (badness 10000) in paragraph at lines 59--60

 []

[3]) (literature_survey.tex
Underfull \hbox (badness 10000) in paragraph at lines 61--1

 []

[4]
Chapter 2.
[5

]) (design.tex [6]
Chapter 3.
<overall.pdf, id=67, 580.1675pt x 209.78375pt>
File: overall.pdf Graphic file (type pdf)
<use overall.pdf>
Package pdftex.def Info: overall.pdf  used on input line 8.
(pdftex.def)             Requested size: 433.62pt x 156.79323pt.

Overfull \hbox (6.82866pt too wide) in paragraph at lines 8--9
 [][] 
 []

) (implementation.tex [7

 <./overall.pdf>] [8]
Chapter 4.

Underfull \hbox (badness 10000) in paragraph at lines 2--3

 []

) (results.tex [9

]
Chapter 5.
) (conclusion.tex [10

]
Chapter 6.
) (future_scope.tex [11

]
Chapter 7.
) (research_publication.tex
Underfull \hbox (badness 10000) in paragraph at lines 2--1

 []

[12

]
Chapter 8.
) (bibliography.tex
Underfull \hbox (badness 10000) in paragraph at lines 2--1

 []

[13

]) [14

] (report.aux)
 ***********
LaTeX2e <2023-11-01> patch level 1
L3 programming layer <2024-01-04>
 ***********
 ) 
Here is how much of TeX's memory you used:
 2037 strings out of 474486
 35225 string characters out of 5743756
 1933542 words of memory out of 5000000
 24290 multiletter control sequences out of 15000+600000
 563613 words of font info for 54 fonts, out of 8000000 for 9000
 1141 hyphenation exceptions out of 8191
 57i,8n,65p,1398b,300s stack positions out of 10000i,1000n,20000p,200000b,200000s
 <C:\Users\arifa\AppData\Local\MiKTeX\fonts/pk/ljfour/jknappen/ec/dpi600\tcrm1200.pk><C:/Users/arifa/AppData/Local/Programs/MiKTeX/fonts/type1/public/amsfonts/cm/cmbx12.pfb><C:/Users/arifa/AppData/Local/Programs/MiKTeX/fonts/type1/public/amsfonts/cm/cmmi12.pfb><C:/Users/arifa/AppData/Local/Programs/MiKTeX/fonts/type1/public/amsfonts/cm/cmmi8.pfb><C:/Users/arifa/AppData/Local/Programs/MiKTeX/fonts/type1/public/amsfonts/cm/cmr12.pfb><C:/Users/arifa/AppData/Local/Programs/MiKTeX/fonts/type1/public/amsfonts/cm/cmr8.pfb><C:/Users/arifa/AppData/Local/Programs/MiKTeX/fonts/type1/public/amsfonts/cm/cmti12.pfb>
Output written on report.pdf (24 pages, 222454 bytes).
PDF statistics:
 135 PDF objects out of 1000 (max. 8388607)
 0 named destinations out of 1000 (max. 500000)
 16 words of extra memory for PDF output out of 10000 (max. 10000000)

